2016-08-24 16:08:59,984 : INFO : Machine : Mission Pinball Framework Core Engine v0.30.26
2016-08-24 16:08:59,985 : DEBUG : Machine : Command line arguments: {'force_platform': None, 'no_load_cache': False, 'bcp': False, 'create_config_cache': True, 'consoleloglevel': 20, 'configfile': ['config'], 'loglevel': 10, 'pause': False, 'mpfconfigfile': '/usr/local/lib/python3.4/dist-packages/mpf/mpfconfig.yaml', 'logfile': 'logs/2016-08-24-16-08-59-mpf-kivypie.log'}
2016-08-24 16:08:59,986 : DEBUG : Machine : MPF path: /usr/local/lib/python3.4/dist-packages/mpf
2016-08-24 16:08:59,986 : INFO : Machine : Machine path: /home/sysop/robotech
2016-08-24 16:08:59,986 : DEBUG : Machine : Command line arguments: {'force_platform': None, 'no_load_cache': False, 'bcp': False, 'create_config_cache': True, 'consoleloglevel': 20, 'configfile': ['config'], 'loglevel': 10, 'pause': False, 'mpfconfigfile': '/usr/local/lib/python3.4/dist-packages/mpf/mpfconfig.yaml', 'logfile': 'logs/2016-08-24-16-08-59-mpf-kivypie.log'}
2016-08-24 16:08:59,987 : DEBUG : Machine : Python version: 3.4.2
2016-08-24 16:08:59,987 : DEBUG : Machine : Platform: linux
2016-08-24 16:08:59,987 : DEBUG : Machine : Python executable location: /usr/bin/python3
2016-08-24 16:08:59,987 : DEBUG : Machine : 32-bit Python? True
2016-08-24 16:08:59,988 : DEBUG : Machine : Machine path: /home/sysop/robotech
2016-08-24 16:09:01,457 : INFO : Machine : Loading config from original files
2016-08-24 16:09:01,463 : DEBUG : YAML File Interface : Loading file: /usr/local/lib/python3.4/dist-packages/mpf/mpfconfig.yaml
2016-08-24 16:09:01,790 : INFO : Machine : Machine config file #1: /home/sysop/robotech/config/config
2016-08-24 16:09:01,792 : DEBUG : YAML File Interface : Loading file: /home/sysop/robotech/config/config.yaml
2016-08-24 16:09:02,152 : DEBUG : YAML File Interface : Loading file: /home/sysop/robotech/config/leds.yaml
2016-08-24 16:09:02,460 : DEBUG : YAML File Interface : Loading file: /home/sysop/robotech/config/shots.yaml
2016-08-24 16:09:02,519 : DEBUG : YAML File Interface : Loading file: /home/sysop/robotech/config/lightscripts.yaml
2016-08-24 16:09:02,575 : INFO : Machine : Config file cache created: /tmp/b22896e0955c8faa276a6ac3f6f5f4b5config
2016-08-24 16:09:02,576 : DEBUG : Clock : Starting clock (maximum frames per second=30.0)
2016-08-24 16:09:02,577 : INFO : Machine : Starting clock at 30.0Hz
2016-08-24 16:09:02,578 : DEBUG : Clock : Scheduled a recurring clock callback (callback=<bound method MachineController._check_crash_queue of <mpf.core.machine.MachineController object at 0x762cfc10>>, timeout=1, priority=1)
2016-08-24 16:09:02,645 : DEBUG : Machine : Setting default platform to 'fast'
2016-08-24 16:09:02,646 : DEBUG : Machine : Loading core modules...
2016-08-24 16:09:02,646 : DEBUG : Machine : Loading 'mpf.core.events.EventManager' core module
2016-08-24 16:09:02,647 : DEBUG : Machine : Loading 'mpf.core.mode_controller.ModeController' core module
2016-08-24 16:09:02,653 : DEBUG : Events : Registered ModeController._load_modes as a handler for 'init_phase_2', priority: 1, kwargs: {}
2016-08-24 16:09:02,654 : DEBUG : Events : Registered ModeController._ball_ending as a handler for 'ball_ending', priority: 0, kwargs: {}
2016-08-24 16:09:02,654 : DEBUG : Events : Registered ModeController._ball_starting as a handler for 'ball_starting', priority: 0, kwargs: {}
2016-08-24 16:09:02,655 : DEBUG : Events : Registered type._player_added as a handler for 'player_add_success', priority: 0, kwargs: {}
2016-08-24 16:09:02,655 : DEBUG : Events : Registered ModeController._player_turn_start as a handler for 'player_turn_start', priority: 1000000, kwargs: {}
2016-08-24 16:09:02,655 : DEBUG : Events : Registered ModeController._player_turn_stop as a handler for 'player_turn_stop', priority: 1000000, kwargs: {}
2016-08-24 16:09:02,656 : DEBUG : Machine : Loading 'mpf.core.config_processor.ConfigProcessor' core module
2016-08-24 16:09:02,656 : DEBUG : Machine : Loading 'mpf.core.shot_profile_manager.ShotProfileManager' core module
2016-08-24 16:09:02,662 : DEBUG : ShotProfileManager : Registering Shot Profile: 'default'
2016-08-24 16:09:02,665 : DEBUG : ShotProfileManager : Processed 'default' profile configuration: {'states': [{'reset': True, 'speed': 1.0, 'start_step': 1, 'show_tokens': {}, 'sync_ms': 0, 'action': 'play', 'name': 'unlit', 'show': 'off', 'priority': 0, 'loops': -1, 'manual_advance': False, 'key': None}, {'reset': True, 'speed': 1.0, 'start_step': 1, 'show_tokens': {}, 'sync_ms': 0, 'action': 'play', 'name': 'lit', 'show': 'on', 'priority': 0, 'loops': -1, 'manual_advance': False, 'key': None}], 'loop': False, 'show': None, 'block': True, 'rotation_pattern': deque(['right']), 'advance_on_hit': True, 'player_variable': '%_default', 'state_names_to_not_rotate': [], 'state_names_to_rotate': [], 'show_when_disabled': False}
2016-08-24 16:09:02,665 : DEBUG : ShotProfileManager : Registering Shot Profile: 'quick_flash'
2016-08-24 16:09:02,667 : DEBUG : ShotProfileManager : Processed 'quick_flash' profile configuration: {'states': [{'reset': True, 'speed': 1.0, 'start_step': 1, 'show_tokens': {}, 'sync_ms': 0, 'action': 'play', 'name': 'unlit', 'show': 'off', 'priority': 0, 'loops': -1, 'manual_advance': False, 'key': None}, {'reset': True, 'speed': 1.0, 'start_step': 1, 'show_tokens': {}, 'sync_ms': 0, 'action': 'play', 'name': 'lit', 'show': 'quick_flash', 'priority': 0, 'loops': 0, 'manual_advance': False, 'key': None}], 'loop': False, 'show': None, 'block': True, 'rotation_pattern': deque(['right']), 'advance_on_hit': True, 'player_variable': '%_quick_flash', 'state_names_to_not_rotate': [], 'state_names_to_rotate': [], 'show_when_disabled': False}
2016-08-24 16:09:02,668 : DEBUG : Mode Controller : Registering <bound method ShotProfileManager.mode_start_for_shots of <mpf.core.shot_profile_manager.ShotProfileManager object at 0x76260d30>> as a mode start method. Config section: shots, priority: 0, kwargs: {}
2016-08-24 16:09:02,668 : DEBUG : Mode Controller : Registering <bound method ShotProfileManager.mode_start_for_shot_groups of <mpf.core.shot_profile_manager.ShotProfileManager object at 0x76260d30>> as a mode start method. Config section: shot_groups, priority: 0, kwargs: {}
2016-08-24 16:09:02,669 : DEBUG : Events : Registered ShotProfileManager._player_turn_start as a handler for 'player_turn_start', priority: 1000000, kwargs: {}
2016-08-24 16:09:02,669 : DEBUG : Events : Registered ShotProfileManager._player_turn_stop as a handler for 'player_turn_stop', priority: 0, kwargs: {}
2016-08-24 16:09:02,669 : DEBUG : Machine : Loading 'mpf.core.device_manager.DeviceManager' core module
2016-08-24 16:09:02,670 : DEBUG : Events : Registered DeviceManager._load_device_modules as a handler for 'init_phase_1', priority: 1, kwargs: {}
2016-08-24 16:09:02,671 : DEBUG : Events : Registered DeviceManager.create_machinewide_device_control_events as a handler for 'init_phase_2', priority: 1, kwargs: {}
2016-08-24 16:09:02,671 : DEBUG : Events : Registered DeviceManager.create_collection_control_events as a handler for 'init_phase_2', priority: 1, kwargs: {}
2016-08-24 16:09:02,671 : DEBUG : Machine : Loading 'mpf.core.switch_controller.SwitchController' core module
2016-08-24 16:09:02,678 : DEBUG : Clock : Scheduled a recurring clock callback (callback=<bound method SwitchController._tick of <mpf.core.switch_controller.SwitchController object at 0x762608d0>>, timeout=0, priority=1000)
2016-08-24 16:09:02,678 : DEBUG : Events : Registered SwitchController._initialize_switches as a handler for 'init_phase_2', priority: 1000, kwargs: {}
2016-08-24 16:09:02,679 : DEBUG : Events : Registered SwitchController.log_active_switches as a handler for 'machine_reset_phase_3', priority: 1, kwargs: {}
2016-08-24 16:09:02,679 : DEBUG : Machine : Loading 'mpf.core.ball_controller.BallController' core module
2016-08-24 16:09:02,682 : DEBUG : BallController : Loading the BallController
2016-08-24 16:09:02,683 : DEBUG : Events : Registered BallController.request_to_start_game as a handler for 'request_to_start_game', priority: 1, kwargs: {}
2016-08-24 16:09:02,684 : DEBUG : Events : Registered BallController._initialize as a handler for 'machine_reset_phase_2', priority: 1, kwargs: {}
2016-08-24 16:09:02,684 : DEBUG : Events : Registered BallController._init2 as a handler for 'init_phase_2', priority: 1, kwargs: {}
2016-08-24 16:09:02,684 : DEBUG : Machine : Loading 'mpf.core.assets.AssetManager' core module
2016-08-24 16:09:02,689 : DEBUG : AssetManager : Initializing...
2016-08-24 16:09:02,691 : DEBUG : Mode Controller : Registering <bound method AssetManager._load_mode_assets of <mpf.core.assets.AssetManager object at 0x76225570>> as a mode start method. Config section: None, priority: 0, kwargs: {}
2016-08-24 16:09:02,692 : DEBUG : Events : Registered AssetManager._create_assets as a handler for 'init_phase_3', priority: 1, kwargs: {}
2016-08-24 16:09:02,692 : DEBUG : Events : Registered AssetManager._bcp_client_asset_load as a handler for 'assets_to_load', priority: 1, kwargs: {}
2016-08-24 16:09:02,693 : DEBUG : Machine : Loading 'mpf.core.show_controller.ShowController' core module
2016-08-24 16:09:02,707 : DEBUG : Clock : Scheduled a recurring clock callback (callback=<bound method ShowController._tick of <mpf.core.show_controller.ShowController object at 0x76225810>>, timeout=0, priority=1)
2016-08-24 16:09:02,708 : DEBUG : Events : Registered ShowController._initialize as a handler for 'init_phase_3', priority: 1, kwargs: {}
2016-08-24 16:09:02,708 : DEBUG : Machine : Loading 'mpf.core.bcp.BCP' core module
2016-08-24 16:09:02,709 : DEBUG : Events : Registered BCP.bcp_trigger as a handler for 'ball_started', priority: 1, kwargs: {'name': 'ball_started'}
2016-08-24 16:09:02,710 : DEBUG : Events : Registered BCP.bcp_trigger as a handler for 'ball_ended', priority: 1, kwargs: {'name': 'ball_ended'}
2016-08-24 16:09:02,711 : DEBUG : Events : Registered BCP.bcp_trigger as a handler for 'player_add_success', priority: 1, kwargs: {'name': 'player_add_success'}
2016-08-24 16:09:02,712 : DEBUG : Events : Registered BCP._bcp_event_callback as a handler for 'clear', priority: 1, kwargs: {'command': 'trigger', 'params': {'name': 'clear', 'key': '%key'}}
2016-08-24 16:09:02,712 : DEBUG : Events : Registered BCP._bcp_event_callback as a handler for 'player_turn_start', priority: 1, kwargs: {'command': 'player_turn_start', 'params': {'player_num': '%number'}}
2016-08-24 16:09:02,713 : DEBUG : Events : Registered BCP.bcp_trigger as a handler for 'player_score', priority: 1, kwargs: {'name': 'player_score'}
2016-08-24 16:09:02,713 : DEBUG : Events : Registered BCP._setup_dmds as a handler for 'init_phase_1', priority: 1, kwargs: {}
2016-08-24 16:09:02,714 : DEBUG : Events : Registered BCP._setup_bcp_connections as a handler for 'init_done', priority: 1, kwargs: {}
2016-08-24 16:09:02,714 : DEBUG : Clock : Scheduled a recurring clock callback (callback=<bound method BCP.get_bcp_messages of <BCP Module>>, timeout=0, priority=1)
2016-08-24 16:09:02,715 : DEBUG : Events : Registered BCP.bcp_player_added as a handler for 'player_add_success', priority: 1, kwargs: {}
2016-08-24 16:09:02,715 : DEBUG : Events : Registered BCP.bcp_reset as a handler for 'machine_reset_phase_1', priority: 1, kwargs: {}
2016-08-24 16:09:02,715 : DEBUG : Events : Registered BCP.increase_volume as a handler for 'increase_volume', priority: 1, kwargs: {}
2016-08-24 16:09:02,716 : DEBUG : Events : Registered BCP.decrease_volume as a handler for 'decrease_volume', priority: 1, kwargs: {}
2016-08-24 16:09:02,716 : DEBUG : Events : Registered BCP.enable_volume_keys as a handler for 'enable_volume_keys', priority: 1, kwargs: {}
2016-08-24 16:09:02,717 : DEBUG : Events : Registered BCP.disable_volume_keys as a handler for 'disable_volume_keys', priority: 1, kwargs: {}
2016-08-24 16:09:02,717 : DEBUG : Events : Registered BCP.get_led_coordinates as a handler for 'bcp_get_led_coordinates', priority: 1, kwargs: {}
2016-08-24 16:09:02,717 : DEBUG : Mode Controller : Registering <bound method BCP.bcp_mode_start of <BCP Module>> as a mode start method. Config section: mode, priority: 0, kwargs: {}
2016-08-24 16:09:02,718 : DEBUG : Machine : Loading 'mpf.core.logic_blocks.LogicBlocks' core module
2016-08-24 16:09:02,725 : DEBUG : Mode Controller : Registering <bound method LogicBlocks._process_config of <mpf.core.logic_blocks.LogicBlocks object at 0x7622d7b0>> as a mode start method. Config section: logic_blocks, priority: 0, kwargs: {}
2016-08-24 16:09:02,725 : DEBUG : Events : Registered LogicBlocks._create_player_logic_blocks as a handler for 'player_add_success', priority: 1, kwargs: {}
2016-08-24 16:09:02,726 : DEBUG : Events : Registered LogicBlocks.player_turn_start as a handler for 'player_turn_start', priority: 1, kwargs: {}
2016-08-24 16:09:02,726 : DEBUG : Events : Registered LogicBlocks.player_turn_stop as a handler for 'player_turn_stop', priority: 1, kwargs: {}
2016-08-24 16:09:02,727 : DEBUG : Machine : Loading 'mpf.core.scoring.ScoreController' core module
2016-08-24 16:09:02,729 : DEBUG : Score : Loading the Score Controller
2016-08-24 16:09:02,729 : DEBUG : Mode Controller : Registering <bound method ScoreController.mode_start of <mpf.core.scoring.ScoreController object at 0x7622d950>> as a mode start method. Config section: scoring, priority: 0, kwargs: {}
2016-08-24 16:09:02,731 : INFO : FAST : Connecting to /dev/ttyUSB1 at 921600bps
2016-08-24 16:09:02,731 : ERROR : root : [Errno 2] could not open port /dev/ttyUSB1: [Errno 2] No such file or directory: '/dev/ttyUSB1'
Traceback (most recent call last):
  File "/usr/local/lib/python3.4/dist-packages/serial/serialposix.py", line 244, in open
    self.fd = os.open(self.portstr, os.O_RDWR | os.O_NOCTTY | os.O_NONBLOCK)
FileNotFoundError: [Errno 2] No such file or directory: '/dev/ttyUSB1'

During handling of the above exception, another exception occurred:

Traceback (most recent call last):
  File "/usr/local/lib/python3.4/dist-packages/mpf/commands/game.py", line 130, in __init__
    MachineController(mpf_path, machine_path, vars(args)).run()
  File "/usr/local/lib/python3.4/dist-packages/mpf/core/machine.py", line 120, in __init__
    self._initialize_platforms()
  File "/usr/local/lib/python3.4/dist-packages/mpf/core/machine.py", line 174, in _initialize_platforms
    platform.initialize()
  File "/usr/local/lib/python3.4/dist-packages/mpf/platforms/fast/fast.py", line 111, in initialize
    self._connect_to_hardware()
  File "/usr/local/lib/python3.4/dist-packages/mpf/platforms/fast/fast.py", line 155, in _connect_to_hardware
    receive_queue=self.receive_queue))
  File "/usr/local/lib/python3.4/dist-packages/mpf/platforms/fast/fast.py", line 693, in __init__
    timeout=1, writeTimeout=0)
  File "/usr/local/lib/python3.4/dist-packages/serial/serialutil.py", line 182, in __init__
    self.open()
  File "/usr/local/lib/python3.4/dist-packages/serial/serialposix.py", line 247, in open
    raise SerialException(msg.errno, "could not open port {}: {}".format(self._port, msg))
serial.serialutil.SerialException: [Errno 2] could not open port /dev/ttyUSB1: [Errno 2] No such file or directory: '/dev/ttyUSB1'
