2016-08-23 01:08:15,467 : INFO : Machine : Mission Pinball Framework Core Engine v0.30.26
2016-08-23 01:08:15,468 : DEBUG : Machine : Command line arguments: {'configfile': ['config'], 'consoleloglevel': 20, 'no_load_cache': False, 'loglevel': 10, 'force_platform': None, 'mpfconfigfile': '/usr/local/lib/python3.4/dist-packages/mpf/mpfconfig.yaml', 'create_config_cache': True, 'logfile': 'logs/2016-08-23-01-08-15-mpf-kivypie.log', 'pause': False, 'bcp': False}
2016-08-23 01:08:15,468 : DEBUG : Machine : MPF path: /usr/local/lib/python3.4/dist-packages/mpf
2016-08-23 01:08:15,469 : INFO : Machine : Machine path: /home/sysop/robotech
2016-08-23 01:08:15,469 : DEBUG : Machine : Command line arguments: {'configfile': ['config'], 'consoleloglevel': 20, 'no_load_cache': False, 'loglevel': 10, 'force_platform': None, 'mpfconfigfile': '/usr/local/lib/python3.4/dist-packages/mpf/mpfconfig.yaml', 'create_config_cache': True, 'logfile': 'logs/2016-08-23-01-08-15-mpf-kivypie.log', 'pause': False, 'bcp': False}
2016-08-23 01:08:15,469 : DEBUG : Machine : Python version: 3.4.2
2016-08-23 01:08:15,470 : DEBUG : Machine : Platform: linux
2016-08-23 01:08:15,470 : DEBUG : Machine : Python executable location: /usr/bin/python3
2016-08-23 01:08:15,470 : DEBUG : Machine : 32-bit Python? True
2016-08-23 01:08:15,471 : DEBUG : Machine : Machine path: /home/sysop/robotech
2016-08-23 01:08:16,952 : INFO : Machine : Loading cached config: /tmp/b22896e0955c8faa276a6ac3f6f5f4b5config
2016-08-23 01:08:16,955 : DEBUG : Clock : Starting clock (maximum frames per second=30.0)
2016-08-23 01:08:16,956 : INFO : Machine : Starting clock at 30.0Hz
2016-08-23 01:08:16,957 : DEBUG : Clock : Scheduled a recurring clock callback (callback=<bound method MachineController._check_crash_queue of <mpf.core.machine.MachineController object at 0x762b7bf0>>, timeout=1, priority=1)
2016-08-23 01:08:16,993 : DEBUG : Machine : Setting default platform to 'fast'
2016-08-23 01:08:16,994 : DEBUG : Machine : Loading core modules...
2016-08-23 01:08:16,994 : DEBUG : Machine : Loading 'mpf.core.events.EventManager' core module
2016-08-23 01:08:16,994 : DEBUG : Machine : Loading 'mpf.core.mode_controller.ModeController' core module
2016-08-23 01:08:16,999 : DEBUG : Events : Registered ModeController._load_modes as a handler for 'init_phase_2', priority: 1, kwargs: {}
2016-08-23 01:08:17,000 : DEBUG : Events : Registered ModeController._ball_ending as a handler for 'ball_ending', priority: 0, kwargs: {}
2016-08-23 01:08:17,000 : DEBUG : Events : Registered ModeController._ball_starting as a handler for 'ball_starting', priority: 0, kwargs: {}
2016-08-23 01:08:17,001 : DEBUG : Events : Registered type._player_added as a handler for 'player_add_success', priority: 0, kwargs: {}
2016-08-23 01:08:17,001 : DEBUG : Events : Registered ModeController._player_turn_start as a handler for 'player_turn_start', priority: 1000000, kwargs: {}
2016-08-23 01:08:17,001 : DEBUG : Events : Registered ModeController._player_turn_stop as a handler for 'player_turn_stop', priority: 1000000, kwargs: {}
2016-08-23 01:08:17,002 : DEBUG : Machine : Loading 'mpf.core.config_processor.ConfigProcessor' core module
2016-08-23 01:08:17,002 : DEBUG : Machine : Loading 'mpf.core.shot_profile_manager.ShotProfileManager' core module
2016-08-23 01:08:17,004 : DEBUG : ShotProfileManager : Registering Shot Profile: 'default'
2016-08-23 01:08:17,006 : DEBUG : ShotProfileManager : Processed 'default' profile configuration: {'states': [{'name': 'unlit', 'key': None, 'show_tokens': {}, 'speed': 1.0, 'reset': True, 'sync_ms': 0, 'action': 'play', 'priority': 0, 'loops': -1, 'show': 'off', 'manual_advance': False, 'start_step': 1}, {'name': 'lit', 'key': None, 'show_tokens': {}, 'speed': 1.0, 'reset': True, 'sync_ms': 0, 'action': 'play', 'priority': 0, 'loops': -1, 'show': 'on', 'manual_advance': False, 'start_step': 1}], 'rotation_pattern': deque(['right']), 'player_variable': '%_default', 'loop': False, 'state_names_to_not_rotate': [], 'show_when_disabled': False, 'state_names_to_rotate': [], 'advance_on_hit': True, 'block': True, 'show': None}
2016-08-23 01:08:17,007 : DEBUG : Mode Controller : Registering <bound method ShotProfileManager.mode_start_for_shots of <mpf.core.shot_profile_manager.ShotProfileManager object at 0x76201f50>> as a mode start method. Config section: shots, priority: 0, kwargs: {}
2016-08-23 01:08:17,007 : DEBUG : Mode Controller : Registering <bound method ShotProfileManager.mode_start_for_shot_groups of <mpf.core.shot_profile_manager.ShotProfileManager object at 0x76201f50>> as a mode start method. Config section: shot_groups, priority: 0, kwargs: {}
2016-08-23 01:08:17,008 : DEBUG : Events : Registered ShotProfileManager._player_turn_start as a handler for 'player_turn_start', priority: 1000000, kwargs: {}
2016-08-23 01:08:17,008 : DEBUG : Events : Registered ShotProfileManager._player_turn_stop as a handler for 'player_turn_stop', priority: 0, kwargs: {}
2016-08-23 01:08:17,008 : DEBUG : Machine : Loading 'mpf.core.device_manager.DeviceManager' core module
2016-08-23 01:08:17,009 : DEBUG : Events : Registered DeviceManager._load_device_modules as a handler for 'init_phase_1', priority: 1, kwargs: {}
2016-08-23 01:08:17,009 : DEBUG : Events : Registered DeviceManager.create_machinewide_device_control_events as a handler for 'init_phase_2', priority: 1, kwargs: {}
2016-08-23 01:08:17,010 : DEBUG : Events : Registered DeviceManager.create_collection_control_events as a handler for 'init_phase_2', priority: 1, kwargs: {}
2016-08-23 01:08:17,010 : DEBUG : Machine : Loading 'mpf.core.switch_controller.SwitchController' core module
2016-08-23 01:08:17,013 : DEBUG : Clock : Scheduled a recurring clock callback (callback=<bound method SwitchController._tick of <mpf.core.switch_controller.SwitchController object at 0x7620b6d0>>, timeout=0, priority=1000)
2016-08-23 01:08:17,014 : DEBUG : Events : Registered SwitchController._initialize_switches as a handler for 'init_phase_2', priority: 1000, kwargs: {}
2016-08-23 01:08:17,014 : DEBUG : Events : Registered SwitchController.log_active_switches as a handler for 'machine_reset_phase_3', priority: 1, kwargs: {}
2016-08-23 01:08:17,014 : DEBUG : Machine : Loading 'mpf.core.ball_controller.BallController' core module
2016-08-23 01:08:17,016 : DEBUG : BallController : Loading the BallController
2016-08-23 01:08:17,017 : DEBUG : Events : Registered BallController.request_to_start_game as a handler for 'request_to_start_game', priority: 1, kwargs: {}
2016-08-23 01:08:17,017 : DEBUG : Events : Registered BallController._initialize as a handler for 'machine_reset_phase_2', priority: 1, kwargs: {}
2016-08-23 01:08:17,018 : DEBUG : Events : Registered BallController._init2 as a handler for 'init_phase_2', priority: 1, kwargs: {}
2016-08-23 01:08:17,018 : DEBUG : Machine : Loading 'mpf.core.assets.AssetManager' core module
2016-08-23 01:08:17,020 : DEBUG : AssetManager : Initializing...
2016-08-23 01:08:17,022 : DEBUG : Mode Controller : Registering <bound method AssetManager._load_mode_assets of <mpf.core.assets.AssetManager object at 0x7620bf90>> as a mode start method. Config section: None, priority: 0, kwargs: {}
2016-08-23 01:08:17,022 : DEBUG : Events : Registered AssetManager._create_assets as a handler for 'init_phase_3', priority: 1, kwargs: {}
2016-08-23 01:08:17,023 : DEBUG : Events : Registered AssetManager._bcp_client_asset_load as a handler for 'assets_to_load', priority: 1, kwargs: {}
2016-08-23 01:08:17,023 : DEBUG : Machine : Loading 'mpf.core.show_controller.ShowController' core module
2016-08-23 01:08:17,029 : DEBUG : Clock : Scheduled a recurring clock callback (callback=<bound method ShowController._tick of <mpf.core.show_controller.ShowController object at 0x7620d170>>, timeout=0, priority=1)
2016-08-23 01:08:17,030 : DEBUG : Events : Registered ShowController._initialize as a handler for 'init_phase_3', priority: 1, kwargs: {}
2016-08-23 01:08:17,031 : DEBUG : Machine : Loading 'mpf.core.bcp.BCP' core module
2016-08-23 01:08:17,032 : DEBUG : Events : Registered BCP.bcp_trigger as a handler for 'ball_started', priority: 1, kwargs: {'name': 'ball_started'}
2016-08-23 01:08:17,032 : DEBUG : Events : Registered BCP.bcp_trigger as a handler for 'ball_ended', priority: 1, kwargs: {'name': 'ball_ended'}
2016-08-23 01:08:17,033 : DEBUG : Events : Registered BCP.bcp_trigger as a handler for 'player_add_success', priority: 1, kwargs: {'name': 'player_add_success'}
2016-08-23 01:08:17,033 : DEBUG : Events : Registered BCP._bcp_event_callback as a handler for 'clear', priority: 1, kwargs: {'params': {'name': 'clear', 'key': '%key'}, 'command': 'trigger'}
2016-08-23 01:08:17,034 : DEBUG : Events : Registered BCP._bcp_event_callback as a handler for 'player_turn_start', priority: 1, kwargs: {'params': {'player_num': '%number'}, 'command': 'player_turn_start'}
2016-08-23 01:08:17,034 : DEBUG : Events : Registered BCP.bcp_trigger as a handler for 'player_score', priority: 1, kwargs: {'name': 'player_score'}
2016-08-23 01:08:17,035 : DEBUG : Events : Registered BCP._setup_dmds as a handler for 'init_phase_1', priority: 1, kwargs: {}
2016-08-23 01:08:17,035 : DEBUG : Events : Registered BCP._setup_bcp_connections as a handler for 'init_done', priority: 1, kwargs: {}
2016-08-23 01:08:17,035 : DEBUG : Clock : Scheduled a recurring clock callback (callback=<bound method BCP.get_bcp_messages of <BCP Module>>, timeout=0, priority=1)
2016-08-23 01:08:17,036 : DEBUG : Events : Registered BCP.bcp_player_added as a handler for 'player_add_success', priority: 1, kwargs: {}
2016-08-23 01:08:17,036 : DEBUG : Events : Registered BCP.bcp_reset as a handler for 'machine_reset_phase_1', priority: 1, kwargs: {}
2016-08-23 01:08:17,036 : DEBUG : Events : Registered BCP.increase_volume as a handler for 'increase_volume', priority: 1, kwargs: {}
2016-08-23 01:08:17,037 : DEBUG : Events : Registered BCP.decrease_volume as a handler for 'decrease_volume', priority: 1, kwargs: {}
2016-08-23 01:08:17,037 : DEBUG : Events : Registered BCP.enable_volume_keys as a handler for 'enable_volume_keys', priority: 1, kwargs: {}
2016-08-23 01:08:17,038 : DEBUG : Events : Registered BCP.disable_volume_keys as a handler for 'disable_volume_keys', priority: 1, kwargs: {}
2016-08-23 01:08:17,038 : DEBUG : Events : Registered BCP.get_led_coordinates as a handler for 'bcp_get_led_coordinates', priority: 1, kwargs: {}
2016-08-23 01:08:17,038 : DEBUG : Mode Controller : Registering <bound method BCP.bcp_mode_start of <BCP Module>> as a mode start method. Config section: mode, priority: 0, kwargs: {}
2016-08-23 01:08:17,039 : DEBUG : Machine : Loading 'mpf.core.logic_blocks.LogicBlocks' core module
2016-08-23 01:08:17,041 : DEBUG : Mode Controller : Registering <bound method LogicBlocks._process_config of <mpf.core.logic_blocks.LogicBlocks object at 0x76211710>> as a mode start method. Config section: logic_blocks, priority: 0, kwargs: {}
2016-08-23 01:08:17,042 : DEBUG : Events : Registered LogicBlocks._create_player_logic_blocks as a handler for 'player_add_success', priority: 1, kwargs: {}
2016-08-23 01:08:17,042 : DEBUG : Events : Registered LogicBlocks.player_turn_start as a handler for 'player_turn_start', priority: 1, kwargs: {}
2016-08-23 01:08:17,043 : DEBUG : Events : Registered LogicBlocks.player_turn_stop as a handler for 'player_turn_stop', priority: 1, kwargs: {}
2016-08-23 01:08:17,043 : DEBUG : Machine : Loading 'mpf.core.scoring.ScoreController' core module
2016-08-23 01:08:17,044 : DEBUG : Score : Loading the Score Controller
2016-08-23 01:08:17,045 : DEBUG : Mode Controller : Registering <bound method ScoreController.mode_start of <mpf.core.scoring.ScoreController object at 0x76215450>> as a mode start method. Config section: scoring, priority: 0, kwargs: {}
2016-08-23 01:08:17,046 : INFO : FAST : Connecting to /dev/ttyUSB1 at 921600bps
2016-08-23 01:08:17,047 : ERROR : root : [Errno 2] could not open port /dev/ttyUSB1: [Errno 2] No such file or directory: '/dev/ttyUSB1'
Traceback (most recent call last):
  File "/usr/local/lib/python3.4/dist-packages/serial/serialposix.py", line 244, in open
    self.fd = os.open(self.portstr, os.O_RDWR | os.O_NOCTTY | os.O_NONBLOCK)
FileNotFoundError: [Errno 2] No such file or directory: '/dev/ttyUSB1'

During handling of the above exception, another exception occurred:

Traceback (most recent call last):
  File "/usr/local/lib/python3.4/dist-packages/mpf/commands/game.py", line 130, in __init__
    MachineController(mpf_path, machine_path, vars(args)).run()
  File "/usr/local/lib/python3.4/dist-packages/mpf/core/machine.py", line 120, in __init__
    self._initialize_platforms()
  File "/usr/local/lib/python3.4/dist-packages/mpf/core/machine.py", line 174, in _initialize_platforms
    platform.initialize()
  File "/usr/local/lib/python3.4/dist-packages/mpf/platforms/fast/fast.py", line 111, in initialize
    self._connect_to_hardware()
  File "/usr/local/lib/python3.4/dist-packages/mpf/platforms/fast/fast.py", line 155, in _connect_to_hardware
    receive_queue=self.receive_queue))
  File "/usr/local/lib/python3.4/dist-packages/mpf/platforms/fast/fast.py", line 693, in __init__
    timeout=1, writeTimeout=0)
  File "/usr/local/lib/python3.4/dist-packages/serial/serialutil.py", line 182, in __init__
    self.open()
  File "/usr/local/lib/python3.4/dist-packages/serial/serialposix.py", line 247, in open
    raise SerialException(msg.errno, "could not open port {}: {}".format(self._port, msg))
serial.serialutil.SerialException: [Errno 2] could not open port /dev/ttyUSB1: [Errno 2] No such file or directory: '/dev/ttyUSB1'
